{
  "RSpec": {
    "coverage": {
      "/home/local/tgtapio/courses/wedror/ratebeer/app/helpers/application_helper.rb": [
        1,
        null
      ],
      "/home/local/tgtapio/courses/wedror/ratebeer/app/helpers/beerclubs_helper.rb": [
        1,
        null
      ],
      "/home/local/tgtapio/courses/wedror/ratebeer/app/helpers/beers_helper.rb": [
        1,
        null
      ],
      "/home/local/tgtapio/courses/wedror/ratebeer/app/helpers/breweries_helper.rb": [
        1,
        null
      ],
      "/home/local/tgtapio/courses/wedror/ratebeer/app/helpers/memberships_helper.rb": [
        1,
        null
      ],
      "/home/local/tgtapio/courses/wedror/ratebeer/app/helpers/users_helper.rb": [
        1,
        null
      ],
      "/home/local/tgtapio/courses/wedror/ratebeer/app/models/user.rb": [
        1,
        1,
        null,
        1,
        null,
        1,
        1,
        null,
        null,
        1,
        1,
        1,
        1,
        null,
        1,
        0,
        null,
        null,
        1,
        3,
        2,
        null,
        null,
        1,
        3,
        2,
        1,
        null,
        null,
        1,
        1,
        1,
        null,
        5,
        2,
        2,
        2,
        2,
        null,
        null,
        1,
        null,
        null,
        null,
        1,
        44,
        null,
        null,
        1,
        3,
        2,
        1,
        null,
        null,
        1,
        1,
        1,
        5,
        2,
        2,
        2,
        2,
        null,
        null,
        null,
        1,
        null,
        null,
        1,
        8,
        6,
        8,
        null,
        null,
        null
      ],
      "/home/local/tgtapio/courses/wedror/ratebeer/app/models/application_record.rb": [
        1,
        1,
        null
      ],
      "/home/local/tgtapio/courses/wedror/ratebeer/app/models/concerns/rating_average.rb": [
        1,
        1,
        null,
        1,
        1,
        null,
        null
      ],
      "/home/local/tgtapio/courses/wedror/ratebeer/app/models/rating.rb": [
        1,
        1,
        1,
        null,
        1,
        null,
        null,
        null,
        1,
        0,
        null,
        null
      ],
      "/home/local/tgtapio/courses/wedror/ratebeer/app/models/beer.rb": [
        1,
        1,
        null,
        1,
        null,
        1,
        1,
        1,
        null,
        null,
        1,
        0,
        null,
        0,
        null,
        null,
        1,
        0,
        null,
        null
      ],
      "/home/local/tgtapio/courses/wedror/ratebeer/app/models/brewery.rb": [
        1,
        1,
        null,
        1,
        1,
        null,
        1,
        null,
        1,
        1,
        null,
        1,
        19,
        null,
        null,
        1,
        0,
        0,
        0,
        null,
        null,
        1,
        0,
        0,
        null,
        null
      ],
      "/home/local/tgtapio/courses/wedror/ratebeer/app/jobs/application_job.rb": [
        0,
        0
      ],
      "/home/local/tgtapio/courses/wedror/ratebeer/app/models/beerclub.rb": [
        0,
        0,
        0,
        0
      ],
      "/home/local/tgtapio/courses/wedror/ratebeer/app/models/membership.rb": [
        0,
        0,
        0,
        0
      ],
      "/home/local/tgtapio/courses/wedror/ratebeer/app/controllers/breweries_controller.rb": [
        0,
        0,
        0,
        null,
        null,
        null,
        0,
        0,
        0,
        null,
        null,
        null,
        0,
        0,
        null,
        null,
        0,
        0,
        0,
        null,
        null,
        0,
        0,
        null,
        null,
        null,
        0,
        0,
        null,
        0,
        0,
        0,
        0,
        0,
        0,
        0,
        0,
        0,
        0,
        null,
        null,
        null,
        0,
        0,
        0,
        0,
        0,
        0,
        0,
        0,
        0,
        0,
        0,
        null,
        null,
        null,
        0,
        0,
        0,
        0,
        0,
        0,
        0,
        null,
        0,
        null,
        null,
        0,
        0,
        0,
        null,
        null,
        0,
        0,
        0,
        0
      ],
      "/home/local/tgtapio/courses/wedror/ratebeer/app/controllers/users_controller.rb": [
        0,
        0,
        null,
        null,
        null,
        0,
        0,
        0,
        null,
        null,
        null,
        0,
        0,
        null,
        null,
        0,
        0,
        0,
        null,
        null,
        0,
        0,
        null,
        null,
        null,
        0,
        0,
        null,
        0,
        0,
        0,
        0,
        0,
        0,
        0,
        0,
        0,
        0,
        null,
        null,
        null,
        0,
        0,
        0,
        0,
        0,
        0,
        0,
        0,
        0,
        0,
        0,
        null,
        null,
        null,
        0,
        0,
        null,
        0,
        0,
        0,
        0,
        0,
        0,
        0,
        null,
        0,
        null,
        null,
        0,
        0,
        0,
        null,
        null,
        0,
        0,
        0,
        0
      ],
      "/home/local/tgtapio/courses/wedror/ratebeer/app/controllers/ratings_controller.rb": [
        0,
        0,
        0,
        0,
        null,
        0,
        0,
        0,
        0,
        null,
        0,
        0,
        0,
        null,
        0,
        0,
        0,
        0,
        0,
        0,
        0,
        0,
        0,
        null,
        0,
        0,
        0,
        0,
        0,
        0
      ],
      "/home/local/tgtapio/courses/wedror/ratebeer/app/controllers/application_controller.rb": [
        0,
        0,
        null,
        0,
        0,
        null,
        0,
        0,
        null,
        0,
        0,
        0,
        0
      ],
      "/home/local/tgtapio/courses/wedror/ratebeer/app/controllers/beers_controller.rb": [
        0,
        0,
        0,
        0,
        null,
        0,
        0,
        0,
        0,
        null,
        null,
        null,
        0,
        0,
        0,
        null,
        null,
        null,
        0,
        0,
        null,
        null,
        0,
        0,
        0,
        null,
        null,
        0,
        0,
        null,
        null,
        null,
        0,
        0,
        null,
        0,
        0,
        0,
        0,
        0,
        0,
        0,
        0,
        0,
        0,
        0,
        null,
        null,
        null,
        0,
        0,
        0,
        0,
        0,
        0,
        0,
        0,
        0,
        0,
        0,
        null,
        null,
        null,
        0,
        0,
        0,
        0,
        0,
        0,
        0,
        null,
        0,
        null,
        null,
        0,
        0,
        0,
        null,
        null,
        0,
        0,
        0,
        0
      ],
      "/home/local/tgtapio/courses/wedror/ratebeer/app/controllers/sessions_controller.rb": [
        0,
        0,
        0,
        null,
        0,
        0,
        0,
        0,
        0,
        0,
        0,
        0,
        0,
        null,
        0,
        0,
        0,
        0,
        0
      ],
      "/home/local/tgtapio/courses/wedror/ratebeer/app/controllers/beerclubs_controller.rb": [
        0,
        0,
        0,
        null,
        null,
        null,
        0,
        0,
        0,
        null,
        null,
        null,
        0,
        0,
        null,
        null,
        0,
        0,
        0,
        null,
        null,
        0,
        0,
        null,
        null,
        null,
        0,
        0,
        null,
        0,
        0,
        0,
        0,
        0,
        0,
        0,
        0,
        0,
        0,
        null,
        null,
        null,
        0,
        0,
        0,
        0,
        0,
        0,
        0,
        0,
        0,
        0,
        0,
        null,
        null,
        null,
        0,
        0,
        0,
        0,
        0,
        0,
        0,
        null,
        0,
        null,
        null,
        0,
        0,
        0,
        null,
        null,
        0,
        0,
        0,
        0
      ],
      "/home/local/tgtapio/courses/wedror/ratebeer/app/controllers/memberships_controller.rb": [
        0,
        0,
        null,
        null,
        null,
        0,
        0,
        0,
        null,
        null,
        null,
        0,
        0,
        null,
        null,
        0,
        0,
        0,
        0,
        null,
        null,
        0,
        0,
        null,
        null,
        null,
        0,
        0,
        0,
        null,
        0,
        0,
        0,
        0,
        0,
        0,
        0,
        0,
        0,
        0,
        null,
        null,
        null,
        0,
        0,
        0,
        0,
        0,
        0,
        0,
        0,
        0,
        0,
        0,
        null,
        null,
        null,
        0,
        0,
        0,
        0,
        0,
        0,
        0,
        null,
        0,
        null,
        null,
        0,
        0,
        0,
        null,
        null,
        0,
        0,
        0,
        0
      ],
      "/home/local/tgtapio/courses/wedror/ratebeer/app/mailers/application_mailer.rb": [
        0,
        0,
        0,
        0
      ],
      "/home/local/tgtapio/courses/wedror/ratebeer/app/channels/application_cable/connection.rb": [
        0,
        0,
        0,
        0
      ],
      "/home/local/tgtapio/courses/wedror/ratebeer/app/channels/application_cable/channel.rb": [
        0,
        0,
        0,
        0
      ]
    },
    "timestamp": 1538053650
  }
}
